201122 120207 Game Restarted
201122 120207 Initialised exit save handler.
201122 120207 Dungeon Master Set as [admin]
201122 120207 Timer delay 13 ms timer resolution is 1 ms
201122 120207 Initializing constants...
201122 120207 Initializing projections...
201122 120207 Initializing player properties...
201122 120207 Initializing features...
201122 120207 Initializing wilderness feats...
201122 120207 Initializing wilderness info...
201122 120207 Initializing town feats...
201122 120207 Initializing towns...
201122 120207 Initializing dungeons...
201122 120207 Initializing object bases...
201122 120207 Initializing slays...
201122 120207 Initializing brands...
201122 120207 Initializing monster pain messages...
201122 120207 Initializing monster bases...
201122 120207 Initializing summons...
201122 120207 Initializing curses...
201122 120207 Initializing activations...
201122 120207 Initializing objects...
201122 120207 Initializing ego-items...
201122 120207 Initializing history charts...
201122 120207 Initializing bodies...
201122 120207 Initializing player races...
201122 120207 Initializing dragon breeds...
201122 120207 Initializing magic realms...
201122 120207 Initializing player classes...
201122 120207 Initializing DM starting items...
201122 120207 Initializing artifacts...
201122 120207 Initializing object properties...
201122 120207 Initializing timed effects...
201122 120208 Initializing object power calculations...
201122 120208 Initializing blow methods...
201122 120208 Initializing blow effects...
201122 120208 Initializing monster spells...
201122 120208 Initializing monsters...
201122 120208 Initializing monster pits...
201122 120208 Initializing traps...
201122 120208 Initializing chest_traps...
201122 120208 Initializing quests...
201122 120208 Initializing flavours...
201122 120208 Initializing socials...
201122 120208 Initializing hints...
201122 120208 Initializing swear...
201122 120208 Initializing level_golds...
201122 120208 Initializing random names...
201122 120208 Initializing dungeon profiles...
201122 120208 Initializing room templates...
201122 120208 Initializing vaults...
201122 120208 Initializing player presets...
201122 120208 Initializing other stuff...
201122 120208 Initializing randarts...
201122 120208 Initializing RNG...
201122 120208 Initialization complete
201122 120208 Please wait...
201122 120208 Server savefile does not exist.
201122 120208 Player names savefile does not exist.
201122 120208 Object flavors initialized...
201122 120208 Loading pref file: font.prf
201122 120208 Create TCP socket...
201122 120208 Set Non-Blocking...
201122 120208 Report to metaserver
201122 120208 Server is running version 1.6.0 (Beta 0) T-13
201122 120208 Timer delay 13 ms timer resolution is 1 ms
201122 120235 Welcome Sebastian=Sebastian@DESKTOP-JB3BU5R (127.0.0.1) (version 000d)
201122 120236 Disconnected from server...
201122 120236 Goodbye Sebastian=Sebastian@DESKTOP-JB3BU5R ("Client quit")
201122 120246 Game Restarted
201122 120246 Initialised exit save handler.
201122 120246 Dungeon Master Set as [admin]
201122 120246 Timer delay 13 ms timer resolution is 1 ms
201122 120246 Initializing constants...
201122 120246 Initializing projections...
201122 120246 Initializing player properties...
201122 120246 Initializing features...
201122 120246 Initializing wilderness feats...
201122 120246 Initializing wilderness info...
201122 120246 Initializing town feats...
201122 120246 Initializing towns...
201122 120246 Initializing dungeons...
201122 120246 Initializing object bases...
201122 120246 Initializing slays...
201122 120246 Initializing brands...
201122 120246 Initializing monster pain messages...
201122 120246 Initializing monster bases...
201122 120246 Initializing summons...
201122 120246 Initializing curses...
201122 120246 Initializing activations...
201122 120246 Initializing objects...
201122 120246 Initializing ego-items...
201122 120246 Initializing history charts...
201122 120246 Initializing bodies...
201122 120246 Initializing player races...
201122 120246 Initializing dragon breeds...
201122 120246 Initializing magic realms...
201122 120246 Initializing player classes...
201122 120246 Initializing DM starting items...
201122 120246 Initializing artifacts...
201122 120246 Initializing object properties...
201122 120246 Initializing timed effects...
201122 120246 Initializing object power calculations...
201122 120246 Initializing blow methods...
201122 120246 Initializing blow effects...
201122 120246 Initializing monster spells...
201122 120246 Initializing monsters...
201122 120246 Initializing monster pits...
201122 120246 Initializing traps...
201122 120246 Initializing chest_traps...
201122 120246 Initializing quests...
201122 120246 Initializing flavours...
201122 120246 Initializing socials...
201122 120246 Initializing hints...
201122 120246 Initializing swear...
201122 120246 Initializing level_golds...
201122 120246 Initializing random names...
201122 120246 Initializing dungeon profiles...
201122 120246 Initializing room templates...
201122 120247 Initializing vaults...
201122 120247 Initializing player presets...
201122 120247 Initializing other stuff...
201122 120247 Initializing randarts...
201122 120247 Initializing RNG...
201122 120247 Initialization complete
201122 120247 Please wait...
201122 120247 Server savefile does not exist.
201122 120247 Player names savefile does not exist.
201122 120247 Object flavors initialized...
201122 120247 Loading pref file: font.prf
201122 120247 Create TCP socket...
201122 120247 Shutting down (panic save).
201122 120247 Server panic info save succeeded!
201122 120247 Account panic info save succeeded!
201122 120249 Shutting down.
201122 120249 Server state save succeeded!
201122 120249 Account info save succeeded!
